# JRE version: OpenJDK Runtime Environment (8.0_202-b03) (build 1.8.0_202-release-1483-b03)
# Java VM: OpenJDK 64-Bit Server VM (25.202-b03 mixed mode windows-amd64 compressed oops)
Heap:
 PSYoungGen      total 142336K, used 30574K [0x00000000e0000000, 0x00000000ea900000, 0x0000000100000000)
  eden space 119296K, 25% used [0x00000000e0000000,0x00000000e1ddbb90,0x00000000e7480000)
  from space 23040K, 0% used [0x00000000e8c80000,0x00000000e8c80000,0x00000000ea300000)
  to   space 24576K, 0% used [0x00000000e7480000,0x00000000e7480000,0x00000000e8c80000)
 ParOldGen       total 156672K, used 33890K [0x00000000a0000000, 0x00000000a9900000, 0x00000000e0000000)
  object space 156672K, 21% used [0x00000000a0000000,0x00000000a2118a90,0x00000000a9900000)
 Metaspace       used 60039K, capacity 61340K, committed 61568K, reserved 1101824K
  class space    used 7958K, capacity 8318K, committed 8320K, reserved 1048576K
GC Heap History (10 events):
Event: 7.508 GC heap before
{Heap before GC invocations=13 (full 2):
 PSYoungGen      total 95232K, used 95017K [0x00000000e0000000, 0x00000000e6d00000, 0x0000000100000000)
  eden space 83968K, 100% used [0x00000000e0000000,0x00000000e5200000,0x00000000e5200000)
  from space 11264K, 98% used [0x00000000e6200000,0x00000000e6cca480,0x00000000e6d00000)
  to   space 12800K, 0% used [0x00000000e5400000,0x00000000e5400000,0x00000000e6080000)
 ParOldGen       total 105984K, used 16717K [0x00000000a0000000, 0x00000000a6780000, 0x00000000e0000000)
  object space 105984K, 15% used [0x00000000a0000000,0x00000000a1053740,0x00000000a6780000)
 Metaspace       used 48397K, capacity 49104K, committed 49408K, reserved 1091584K
  class space    used 6519K, capacity 6799K, committed 6912K, reserved 1048576K
Event: 7.520 GC heap after
Heap after GC invocations=13 (full 2):
 PSYoungGen      total 98816K, used 12794K [0x00000000e0000000, 0x00000000e8080000, 0x0000000100000000)
  eden space 86016K, 0% used [0x00000000e0000000,0x00000000e0000000,0x00000000e5400000)
  from space 12800K, 99% used [0x00000000e5400000,0x00000000e607ebf8,0x00000000e6080000)
  to   space 14848K, 0% used [0x00000000e7200000,0x00000000e7200000,0x00000000e8080000)
 ParOldGen       total 105984K, used 18052K [0x00000000a0000000, 0x00000000a6780000, 0x00000000e0000000)
  object space 105984K, 17% used [0x00000000a0000000,0x00000000a11a1178,0x00000000a6780000)
 Metaspace       used 48397K, capacity 49104K, committed 49408K, reserved 1091584K
  class space    used 6519K, capacity 6799K, committed 6912K, reserved 1048576K
}
Event: 8.340 GC heap before
{Heap before GC invocations=14 (full 2):
 PSYoungGen      total 98816K, used 98810K [0x00000000e0000000, 0x00000000e8080000, 0x0000000100000000)
  eden space 86016K, 100% used [0x00000000e0000000,0x00000000e5400000,0x00000000e5400000)
  from space 12800K, 99% used [0x00000000e5400000,0x00000000e607ebf8,0x00000000e6080000)
  to   space 14848K, 0% used [0x00000000e7200000,0x00000000e7200000,0x00000000e8080000)
 ParOldGen       total 105984K, used 18052K [0x00000000a0000000, 0x00000000a6780000, 0x00000000e0000000)
  object space 105984K, 17% used [0x00000000a0000000,0x00000000a11a1178,0x00000000a6780000)
 Metaspace       used 54669K, capacity 55858K, committed 55936K, reserved 1097728K
  class space    used 7447K, capacity 7793K, committed 7808K, reserved 1048576K
Event: 8.362 GC heap after
Heap after GC invocations=14 (full 2):
 PSYoungGen      total 112640K, used 14847K [0x00000000e0000000, 0x00000000e8e00000, 0x0000000100000000)
  eden space 97792K, 0% used [0x00000000e0000000,0x00000000e0000000,0x00000000e5f80000)
  from space 14848K, 99% used [0x00000000e7200000,0x00000000e807fe88,0x00000000e8080000)
  to   space 18944K, 0% used [0x00000000e5f80000,0x00000000e5f80000,0x00000000e7200000)
 ParOldGen       total 105984K, used 24049K [0x00000000a0000000, 0x00000000a6780000, 0x00000000e0000000)
  object space 105984K, 22% used [0x00000000a0000000,0x00000000a177c790,0x00000000a6780000)
 Metaspace       used 54669K, capacity 55858K, committed 55936K, reserved 1097728K
  class space    used 7447K, capacity 7793K, committed 7808K, reserved 1048576K
}
Event: 9.911 GC heap before
{Heap before GC invocations=15 (full 2):
 PSYoungGen      total 112640K, used 112639K [0x00000000e0000000, 0x00000000e8e00000, 0x0000000100000000)
  eden space 97792K, 100% used [0x00000000e0000000,0x00000000e5f80000,0x00000000e5f80000)
  from space 14848K, 99% used [0x00000000e7200000,0x00000000e807fe88,0x00000000e8080000)
  to   space 18944K, 0% used [0x00000000e5f80000,0x00000000e5f80000,0x00000000e7200000)
 ParOldGen       total 105984K, used 24049K [0x00000000a0000000, 0x00000000a6780000, 0x00000000e0000000)
  object space 105984K, 22% used [0x00000000a0000000,0x00000000a177c790,0x00000000a6780000)
 Metaspace       used 57104K, capacity 58410K, committed 58624K, reserved 1099776K
  class space    used 7732K, capacity 8097K, committed 8192K, reserved 1048576K
Event: 9.929 GC heap after
Heap after GC invocations=15 (full 2):
 PSYoungGen      total 116736K, used 18943K [0x00000000e0000000, 0x00000000ea300000, 0x0000000100000000)
  eden space 97792K, 0% used [0x00000000e0000000,0x00000000e0000000,0x00000000e5f80000)
  from space 18944K, 99% used [0x00000000e5f80000,0x00000000e71ffe88,0x00000000e7200000)
  to   space 23040K, 0% used [0x00000000e8c80000,0x00000000e8c80000,0x00000000ea300000)
 ParOldGen       total 105984K, used 27226K [0x00000000a0000000, 0x00000000a6780000, 0x00000000e0000000)
  object space 105984K, 25% used [0x00000000a0000000,0x00000000a1a96b20,0x00000000a6780000)
 Metaspace       used 57104K, capacity 58410K, committed 58624K, reserved 1099776K
  class space    used 7732K, capacity 8097K, committed 8192K, reserved 1048576K
}
Event: 10.373 GC heap before
{Heap before GC invocations=16 (full 2):
 PSYoungGen      total 116736K, used 34669K [0x00000000e0000000, 0x00000000ea300000, 0x0000000100000000)
  eden space 97792K, 16% used [0x00000000e0000000,0x00000000e0f5b840,0x00000000e5f80000)
  from space 18944K, 99% used [0x00000000e5f80000,0x00000000e71ffe88,0x00000000e7200000)
  to   space 23040K, 0% used [0x00000000e8c80000,0x00000000e8c80000,0x00000000ea300000)
 ParOldGen       total 105984K, used 27226K [0x00000000a0000000, 0x00000000a6780000, 0x00000000e0000000)
  object space 105984K, 25% used [0x00000000a0000000,0x00000000a1a96b20,0x00000000a6780000)
 Metaspace       used 57700K, capacity 58944K, committed 59028K, reserved 1099776K
  class space    used 7801K, capacity 8148K, committed 8192K, reserved 1048576K
Event: 10.385 GC heap after
Heap after GC invocations=16 (full 2):
 PSYoungGen      total 142336K, used 18555K [0x00000000e0000000, 0x00000000ea900000, 0x0000000100000000)
  eden space 119296K, 0% used [0x00000000e0000000,0x00000000e0000000,0x00000000e7480000)
  from space 23040K, 80% used [0x00000000e8c80000,0x00000000e9e9ede8,0x00000000ea300000)
  to   space 24576K, 0% used [0x00000000e7480000,0x00000000e7480000,0x00000000e8c80000)
 ParOldGen       total 105984K, used 27234K [0x00000000a0000000, 0x00000000a6780000, 0x00000000e0000000)
  object space 105984K, 25% used [0x00000000a0000000,0x00000000a1a98b20,0x00000000a6780000)
 Metaspace       used 57700K, capacity 58944K, committed 59028K, reserved 1099776K
  class space    used 7801K, capacity 8148K, committed 8192K, reserved 1048576K
}
Event: 10.385 GC heap before
{Heap before GC invocations=17 (full 3):
 PSYoungGen      total 142336K, used 18555K [0x00000000e0000000, 0x00000000ea900000, 0x0000000100000000)
  eden space 119296K, 0% used [0x00000000e0000000,0x00000000e0000000,0x00000000e7480000)
  from space 23040K, 80% used [0x00000000e8c80000,0x00000000e9e9ede8,0x00000000ea300000)
  to   space 24576K, 0% used [0x00000000e7480000,0x00000000e7480000,0x00000000e8c80000)
 ParOldGen       total 105984K, used 27234K [0x00000000a0000000, 0x00000000a6780000, 0x00000000e0000000)
  object space 105984K, 25% used [0x00000000a0000000,0x00000000a1a98b20,0x00000000a6780000)
 Metaspace       used 57700K, capacity 58944K, committed 59028K, reserved 1099776K
  class space    used 7801K, capacity 8148K, committed 8192K, reserved 1048576K
Event: 10.595 GC heap after
Heap after GC invocations=17 (full 3):
 PSYoungGen      total 142336K, used 0K [0x00000000e0000000, 0x00000000ea900000, 0x0000000100000000)
  eden space 119296K, 0% used [0x00000000e0000000,0x00000000e0000000,0x00000000e7480000)
  from space 23040K, 0% used [0x00000000e8c80000,0x00000000e8c80000,0x00000000ea300000)
  to   space 24576K, 0% used [0x00000000e7480000,0x00000000e7480000,0x00000000e8c80000)
 ParOldGen       total 156672K, used 33890K [0x00000000a0000000, 0x00000000a9900000, 0x00000000e0000000)
  object space 156672K, 21% used [0x00000000a0000000,0x00000000a2118a90,0x00000000a9900000)
 Metaspace       used 57700K, capacity 58944K, committed 59028K, reserved 1099776K
  class space    used 7801K, capacity 8148K, committed 8192K, reserved 1048576K
}

